<?xml version="1.0" encoding="UTF-8"?>
<testng-results skipped="0" failed="0" ignored="0" total="1" passed="1">
  <reporter-output>
  </reporter-output>
  <suite name="Default suite" duration-ms="41481" started-at="2019-09-05T03:38:32 CAT" finished-at="2019-09-05T03:39:14 CAT">
    <groups>
    </groups>
    <test name="Default test" duration-ms="41481" started-at="2019-09-05T03:38:32 CAT" finished-at="2019-09-05T03:39:14 CAT">
      <class name="com.web.Web">
        <test-method status="PASS" signature="Setup()[pri:0, instance:com.web.Web@6895a785]" name="Setup" is-config="true" duration-ms="18094" started-at="2019-09-05T03:38:32 CAT" finished-at="2019-09-05T03:38:50 CAT">
          <reporter-output>
          </reporter-output>
        </test-method> <!-- Setup -->
        <test-method status="PASS" signature="TestCaseWeb()[pri:0, instance:com.web.Web@6895a785]" name="TestCaseWeb" duration-ms="21134" started-at="2019-09-05T03:38:50 CAT" finished-at="2019-09-05T03:39:11 CAT">
          <reporter-output>
          </reporter-output>
        </test-method> <!-- TestCaseWeb -->
        <test-method status="PASS" signature="tearDown()[pri:0, instance:com.web.Web@6895a785]" name="tearDown" is-config="true" duration-ms="2178" started-at="2019-09-05T03:39:11 CAT" finished-at="2019-09-05T03:39:14 CAT">
          <reporter-output>
          </reporter-output>
        </test-method> <!-- tearDown -->
      </class> <!-- com.web.Web -->
    </test> <!-- Default test -->
  </suite> <!-- Default suite -->
</testng-results>
